<?xml version="1.0" encoding="UTF-8"?>
<testng-results ignored="0" total="1" passed="1" failed="0" skipped="0">
  <reporter-output>
  </reporter-output>
  <suite started-at="2025-11-19T22:36:23 IST" name="Suite" finished-at="2025-11-19T22:36:34 IST" duration-ms="11269">
    <groups>
    </groups>
    <test started-at="2025-11-19T22:36:23 IST" name="ChromeTest" finished-at="2025-11-19T22:36:34 IST" duration-ms="11269">
      <class name="testCases.TC001_RegistrationPage">
        <test-method is-config="true" signature="setup(java.lang.String)[pri:0, instance:testCases.TC001_RegistrationPage@661972b0]" started-at="2025-11-19T22:36:23 IST" name="setup" finished-at="2025-11-19T22:36:31 IST" duration-ms="8282" status="PASS">
          <params>
            <param index="0">
              <value>
                <![CDATA[chrome]]>
              </value>
            </param>
          </params>
          <reporter-output>
          </reporter-output>
        </test-method> <!-- setup -->
        <test-method signature="registrationPage()[pri:0, instance:testCases.TC001_RegistrationPage@661972b0]" started-at="2025-11-19T22:36:31 IST" name="registrationPage" finished-at="2025-11-19T22:36:33 IST" duration-ms="2217" status="PASS">
          <reporter-output>
          </reporter-output>
        </test-method> <!-- registrationPage -->
        <test-method is-config="true" signature="teardown()[pri:0, instance:testCases.TC001_RegistrationPage@661972b0]" started-at="2025-11-19T22:36:33 IST" name="teardown" finished-at="2025-11-19T22:36:34 IST" duration-ms="729" status="PASS">
          <reporter-output>
          </reporter-output>
        </test-method> <!-- teardown -->
      </class> <!-- testCases.TC001_RegistrationPage -->
    </test> <!-- ChromeTest -->
  </suite> <!-- Suite -->
</testng-results>
